0 info it worked if it ends with ok
1 verbose cli [ '/usr/bin/node', '/usr/bin/npm', 'run', 'development' ]
2 info using npm@3.5.2
3 info using node@v8.10.0
4 verbose run-script [ 'predevelopment', 'development', 'postdevelopment' ]
5 info lifecycle d3_experiments@0.0.1~predevelopment: d3_experiments@0.0.1
6 silly lifecycle d3_experiments@0.0.1~predevelopment: no script for predevelopment, continuing
7 info lifecycle d3_experiments@0.0.1~development: d3_experiments@0.0.1
8 verbose lifecycle d3_experiments@0.0.1~development: unsafe-perm in lifecycle true
9 verbose lifecycle d3_experiments@0.0.1~development: PATH: /usr/share/npm/bin/node-gyp-bin:/home/fhirfli/fhirfli/FHiRVisualization-master/node_modules/.bin:/usr/local/sbin:/usr/local/bin:/usr/sbin:/usr/bin:/sbin:/bin:/snap/bin
10 verbose lifecycle d3_experiments@0.0.1~development: CWD: /home/fhirfli/fhirfli/FHiRVisualization-master
11 silly lifecycle d3_experiments@0.0.1~development: Args: [ '-c',
11 silly lifecycle   'cross-env NODE_ENV=development nodemon ./backend/index.js' ]
12 silly lifecycle d3_experiments@0.0.1~development: Returned: code: 137  signal: null
13 info lifecycle d3_experiments@0.0.1~development: Failed to exec development script
14 verbose stack Error: d3_experiments@0.0.1 development: `cross-env NODE_ENV=development nodemon ./backend/index.js`
14 verbose stack Exit status 137
14 verbose stack     at EventEmitter.<anonymous> (/usr/share/npm/lib/utils/lifecycle.js:232:16)
14 verbose stack     at emitTwo (events.js:126:13)
14 verbose stack     at EventEmitter.emit (events.js:214:7)
14 verbose stack     at ChildProcess.<anonymous> (/usr/share/npm/lib/utils/spawn.js:24:14)
14 verbose stack     at emitTwo (events.js:126:13)
14 verbose stack     at ChildProcess.emit (events.js:214:7)
14 verbose stack     at maybeClose (internal/child_process.js:925:16)
14 verbose stack     at Process.ChildProcess._handle.onexit (internal/child_process.js:209:5)
15 verbose pkgid d3_experiments@0.0.1
16 verbose cwd /home/fhirfli/fhirfli/FHiRVisualization-master
17 error Linux 4.18.0-1013-azure
18 error argv "/usr/bin/node" "/usr/bin/npm" "run" "development"
19 error node v8.10.0
20 error npm  v3.5.2
21 error code ELIFECYCLE
22 error d3_experiments@0.0.1 development: `cross-env NODE_ENV=development nodemon ./backend/index.js`
22 error Exit status 137
23 error Failed at the d3_experiments@0.0.1 development script 'cross-env NODE_ENV=development nodemon ./backend/index.js'.
23 error Make sure you have the latest version of node.js and npm installed.
23 error If you do, this is most likely a problem with the d3_experiments package,
23 error not with npm itself.
23 error Tell the author that this fails on your system:
23 error     cross-env NODE_ENV=development nodemon ./backend/index.js
23 error You can get information on how to open an issue for this project with:
23 error     npm bugs d3_experiments
23 error Or if that isn't available, you can get their info via:
23 error     npm owner ls d3_experiments
23 error There is likely additional logging output above.
24 verbose exit [ 1, true ]
